2022-07-05_13-24-32 [restartedMain] INFO  c.c.a.AuthorizatiionMicroserviceApplication - Starting AuthorizatiionMicroserviceApplication using Java 18.0.1.1 on Admin with PID 5908 (C:\Users\Admini\Desktop\Cognizant-MFPE-Project-main\Cognizant-MFPE-Project-main\Backend-Spring Boot\MFPE-authorizatiion\target\classes started by venu singh katta in C:\Users\Admini\Desktop\Cognizant-MFPE-Project-main\Cognizant-MFPE-Project-main\Backend-Spring Boot\MFPE-authorizatiion)
2022-07-05_13-24-32 [restartedMain] INFO  c.c.a.AuthorizatiionMicroserviceApplication - No active profile set, falling back to default profiles: default
2022-07-05_13-24-32 [restartedMain] INFO  o.s.b.d.e.DevToolsPropertyDefaultsPostProcessor - Devtools property defaults active! Set 'spring.devtools.add-properties' to 'false' to disable
2022-07-05_13-24-32 [restartedMain] INFO  o.s.b.d.e.DevToolsPropertyDefaultsPostProcessor - For additional web related logging consider setting the 'logging.level.web' property to 'DEBUG'
2022-07-05_13-24-32 [restartedMain] INFO  o.s.d.r.c.RepositoryConfigurationDelegate - Bootstrapping Spring Data JPA repositories in DEFAULT mode.
2022-07-05_13-24-32 [restartedMain] INFO  o.s.d.r.c.RepositoryConfigurationDelegate - Finished Spring Data repository scanning in 300 ms. Found 1 JPA repository interfaces.
2022-07-05_13-24-32 [restartedMain] INFO  o.s.cloud.context.scope.GenericScope - BeanFactory id=17a149ef-bdf0-3183-9b89-1dc5d9e72896
2022-07-05_13-24-32 [restartedMain] INFO  o.s.b.w.e.tomcat.TomcatWebServer - Tomcat initialized with port(s): 8400 (http)
2022-07-05_13-24-32 [restartedMain] INFO  o.a.coyote.http11.Http11NioProtocol - Initializing ProtocolHandler ["http-nio-8400"]
2022-07-05_13-24-32 [restartedMain] INFO  o.a.catalina.core.StandardService - Starting service [Tomcat]
2022-07-05_13-24-32 [restartedMain] INFO  o.a.catalina.core.StandardEngine - Starting Servlet engine: [Apache Tomcat/9.0.41]
2022-07-05_13-24-32 [restartedMain] INFO  org.apache.jasper.servlet.TldScanner - At least one JAR was scanned for TLDs yet contained no TLDs. Enable debug logging for this logger for a complete list of JARs that were scanned but no TLDs were found in them. Skipping unneeded JARs during scanning can improve startup time and JSP compilation time.
2022-07-05_13-24-32 [restartedMain] INFO  o.a.c.c.C.[.[localhost].[/auth] - Initializing Spring embedded WebApplicationContext
2022-07-05_13-24-32 [restartedMain] INFO  o.s.b.w.s.c.ServletWebServerApplicationContext - Root WebApplicationContext: initialization completed in 11045 ms
2022-07-05_13-24-32 [restartedMain] INFO  com.zaxxer.hikari.HikariDataSource - HikariPool-1 - Starting...
2022-07-05_13-24-32 [restartedMain] INFO  com.zaxxer.hikari.HikariDataSource - HikariPool-1 - Starting...
2022-07-05_13-24-32 [restartedMain] INFO  o.h.jpa.internal.util.LogHelper - HHH000204: Processing PersistenceUnitInfo [name: default]
2022-07-05_13-24-32 [restartedMain] INFO  org.hibernate.Version - HHH000412: Hibernate ORM core version 5.4.27.Final
2022-07-05_13-24-32 [restartedMain] INFO  o.h.annotations.common.Version - HCANN000001: Hibernate Commons Annotations {5.1.2.Final}
2022-07-05_13-24-32 [restartedMain] INFO  com.zaxxer.hikari.HikariDataSource - HikariPool-1 - Starting...
2022-07-05_13-24-32 [restartedMain] INFO  org.hibernate.dialect.Dialect - HHH000400: Using dialect: org.hibernate.dialect.H2Dialect
2022-07-05_13-24-32 [restartedMain] INFO  o.h.e.t.j.p.i.JtaPlatformInitiator - HHH000490: Using JtaPlatform implementation: [org.hibernate.engine.transaction.jta.platform.internal.NoJtaPlatform]
2022-07-05_13-24-32 [restartedMain] INFO  o.s.o.j.LocalContainerEntityManagerFactoryBean - Initialized JPA EntityManagerFactory for persistence unit 'default'
2022-07-05_13-24-32 [restartedMain] INFO  com.zaxxer.hikari.HikariDataSource - HikariPool-1 - Starting...
2022-07-05_13-24-32 [restartedMain] INFO  s.d.s.w.PropertySourcedRequestMappingHandlerMapping - Mapped URL path [/v2/api-docs] onto method [springfox.documentation.swagger2.web.Swagger2Controller#getDocumentation(String, HttpServletRequest)]
2022-07-05_13-24-32 [restartedMain] INFO  o.s.s.web.DefaultSecurityFilterChain - Will secure any request with [org.springframework.security.web.context.request.async.WebAsyncManagerIntegrationFilter@641a2eee, org.springframework.security.web.context.SecurityContextPersistenceFilter@7ddac2db, org.springframework.security.web.header.HeaderWriterFilter@2760e4c6, org.springframework.security.web.authentication.logout.LogoutFilter@1abbaedb, com.cts.authorization.config.JwtRequestFilter@707c79b3, org.springframework.security.web.savedrequest.RequestCacheAwareFilter@371c8d7b, org.springframework.security.web.servletapi.SecurityContextHolderAwareRequestFilter@4e8f1f4c, org.springframework.security.web.authentication.AnonymousAuthenticationFilter@31689dca, org.springframework.security.web.session.SessionManagementFilter@67d2641e, org.springframework.security.web.access.ExceptionTranslationFilter@5859c34a, org.springframework.security.web.access.intercept.FilterSecurityInterceptor@5d06c702]
2022-07-05_13-24-32 [restartedMain] INFO  o.s.s.c.ThreadPoolTaskExecutor - Initializing ExecutorService 'applicationTaskExecutor'
2022-07-05_13-24-32 [restartedMain] INFO  o.s.b.d.a.OptionalLiveReloadServer - LiveReload server is running on port 35729
2022-07-05_13-24-32 [restartedMain] INFO  o.a.coyote.http11.Http11NioProtocol - Starting ProtocolHandler ["http-nio-8400"]
2022-07-05_13-24-32 [restartedMain] INFO  o.s.b.w.e.tomcat.TomcatWebServer - Tomcat started on port(s): 8400 (http) with context path '/auth'
2022-07-05_13-24-32 [restartedMain] INFO  s.d.s.w.p.DocumentationPluginsBootstrapper - Context refreshed
2022-07-05_13-24-32 [restartedMain] INFO  s.d.s.w.p.DocumentationPluginsBootstrapper - Found 1 custom documentation plugin(s)
2022-07-05_13-24-32 [restartedMain] INFO  s.d.s.w.s.ApiListingReferenceScanner - Scanning for api listing references
2022-07-05_13-24-32 [restartedMain] INFO  c.c.a.AuthorizatiionMicroserviceApplication - Started AuthorizatiionMicroserviceApplication in 35.918 seconds (JVM running for 41.978)
2022-07-05_13-27-21 [restartedMain] INFO  c.c.a.AuthorizatiionMicroserviceApplication - Starting AuthorizatiionMicroserviceApplication using Java 18.0.1.1 on Admin with PID 1560 (C:\Users\Admini\Desktop\Cognizant-MFPE-Project-main\Cognizant-MFPE-Project-main\Backend-Spring Boot\MFPE-authorizatiion\target\classes started by venu singh katta in C:\Users\Admini\Desktop\Cognizant-MFPE-Project-main\Cognizant-MFPE-Project-main\Backend-Spring Boot\MFPE-authorizatiion)
2022-07-05_13-27-21 [restartedMain] INFO  c.c.a.AuthorizatiionMicroserviceApplication - No active profile set, falling back to default profiles: default
2022-07-05_13-27-21 [restartedMain] INFO  o.s.b.d.e.DevToolsPropertyDefaultsPostProcessor - Devtools property defaults active! Set 'spring.devtools.add-properties' to 'false' to disable
2022-07-05_13-27-21 [restartedMain] INFO  o.s.b.d.e.DevToolsPropertyDefaultsPostProcessor - For additional web related logging consider setting the 'logging.level.web' property to 'DEBUG'
2022-07-05_13-27-21 [restartedMain] INFO  o.s.d.r.c.RepositoryConfigurationDelegate - Bootstrapping Spring Data JPA repositories in DEFAULT mode.
2022-07-05_13-27-21 [restartedMain] INFO  o.s.d.r.c.RepositoryConfigurationDelegate - Finished Spring Data repository scanning in 117 ms. Found 1 JPA repository interfaces.
2022-07-05_13-27-21 [restartedMain] INFO  o.s.cloud.context.scope.GenericScope - BeanFactory id=17a149ef-bdf0-3183-9b89-1dc5d9e72896
2022-07-05_13-27-21 [restartedMain] INFO  o.s.b.w.e.tomcat.TomcatWebServer - Tomcat initialized with port(s): 8400 (http)
2022-07-05_13-27-21 [restartedMain] INFO  o.a.coyote.http11.Http11NioProtocol - Initializing ProtocolHandler ["http-nio-8400"]
2022-07-05_13-27-21 [restartedMain] INFO  o.a.catalina.core.StandardService - Starting service [Tomcat]
2022-07-05_13-27-21 [restartedMain] INFO  o.a.catalina.core.StandardEngine - Starting Servlet engine: [Apache Tomcat/9.0.41]
2022-07-05_13-27-21 [restartedMain] INFO  org.apache.jasper.servlet.TldScanner - At least one JAR was scanned for TLDs yet contained no TLDs. Enable debug logging for this logger for a complete list of JARs that were scanned but no TLDs were found in them. Skipping unneeded JARs during scanning can improve startup time and JSP compilation time.
2022-07-05_13-27-21 [restartedMain] INFO  o.a.c.c.C.[.[localhost].[/auth] - Initializing Spring embedded WebApplicationContext
2022-07-05_13-27-21 [restartedMain] INFO  o.s.b.w.s.c.ServletWebServerApplicationContext - Root WebApplicationContext: initialization completed in 5257 ms
2022-07-05_13-27-21 [restartedMain] INFO  com.zaxxer.hikari.HikariDataSource - HikariPool-1 - Starting...
2022-07-05_13-27-21 [restartedMain] INFO  com.zaxxer.hikari.HikariDataSource - HikariPool-1 - Starting...
2022-07-05_13-27-21 [restartedMain] INFO  o.h.jpa.internal.util.LogHelper - HHH000204: Processing PersistenceUnitInfo [name: default]
2022-07-05_13-27-21 [restartedMain] INFO  org.hibernate.Version - HHH000412: Hibernate ORM core version 5.4.27.Final
2022-07-05_13-27-21 [restartedMain] INFO  o.h.annotations.common.Version - HCANN000001: Hibernate Commons Annotations {5.1.2.Final}
2022-07-05_13-27-21 [restartedMain] INFO  com.zaxxer.hikari.HikariDataSource - HikariPool-1 - Starting...
2022-07-05_13-27-21 [restartedMain] INFO  org.hibernate.dialect.Dialect - HHH000400: Using dialect: org.hibernate.dialect.H2Dialect
2022-07-05_13-27-21 [restartedMain] INFO  o.h.e.t.j.p.i.JtaPlatformInitiator - HHH000490: Using JtaPlatform implementation: [org.hibernate.engine.transaction.jta.platform.internal.NoJtaPlatform]
2022-07-05_13-27-21 [restartedMain] INFO  o.s.o.j.LocalContainerEntityManagerFactoryBean - Initialized JPA EntityManagerFactory for persistence unit 'default'
2022-07-05_13-27-21 [restartedMain] INFO  com.zaxxer.hikari.HikariDataSource - HikariPool-1 - Starting...
2022-07-05_13-27-21 [restartedMain] INFO  s.d.s.w.PropertySourcedRequestMappingHandlerMapping - Mapped URL path [/v2/api-docs] onto method [springfox.documentation.swagger2.web.Swagger2Controller#getDocumentation(String, HttpServletRequest)]
2022-07-05_13-27-21 [restartedMain] INFO  o.s.s.web.DefaultSecurityFilterChain - Will secure any request with [org.springframework.security.web.context.request.async.WebAsyncManagerIntegrationFilter@5e7d4ca2, org.springframework.security.web.context.SecurityContextPersistenceFilter@45678caa, org.springframework.security.web.header.HeaderWriterFilter@33346f19, org.springframework.security.web.authentication.logout.LogoutFilter@2e7858a3, com.cts.authorization.config.JwtRequestFilter@32ee5ad8, org.springframework.security.web.savedrequest.RequestCacheAwareFilter@1022de1b, org.springframework.security.web.servletapi.SecurityContextHolderAwareRequestFilter@483ac713, org.springframework.security.web.authentication.AnonymousAuthenticationFilter@2cddb0b, org.springframework.security.web.session.SessionManagementFilter@67edca33, org.springframework.security.web.access.ExceptionTranslationFilter@77b16a4, org.springframework.security.web.access.intercept.FilterSecurityInterceptor@5d2bff23]
2022-07-05_13-27-21 [restartedMain] INFO  o.s.s.c.ThreadPoolTaskExecutor - Initializing ExecutorService 'applicationTaskExecutor'
2022-07-05_13-27-21 [restartedMain] INFO  o.s.b.d.a.OptionalLiveReloadServer - LiveReload server is running on port 35729
2022-07-05_13-27-21 [restartedMain] INFO  o.a.coyote.http11.Http11NioProtocol - Starting ProtocolHandler ["http-nio-8400"]
2022-07-05_13-27-21 [restartedMain] INFO  o.s.b.w.e.tomcat.TomcatWebServer - Tomcat started on port(s): 8400 (http) with context path '/auth'
2022-07-05_13-27-21 [restartedMain] INFO  s.d.s.w.p.DocumentationPluginsBootstrapper - Context refreshed
2022-07-05_13-27-21 [restartedMain] INFO  s.d.s.w.p.DocumentationPluginsBootstrapper - Found 1 custom documentation plugin(s)
2022-07-05_13-27-21 [restartedMain] INFO  s.d.s.w.s.ApiListingReferenceScanner - Scanning for api listing references
2022-07-05_13-27-21 [restartedMain] INFO  c.c.a.AuthorizatiionMicroserviceApplication - Started AuthorizatiionMicroserviceApplication in 27.706 seconds (JVM running for 30.939)
2022-07-05_13-41-11 [restartedMain] INFO  c.c.a.AuthorizatiionMicroserviceApplication - Starting AuthorizatiionMicroserviceApplication using Java 18.0.1.1 on Admin with PID 4084 (C:\Users\Admini\Desktop\Cognizant-MFPE-Project-main\Cognizant-MFPE-Project-main\Backend-Spring Boot\MFPE-authorizatiion\target\classes started by venu singh katta in C:\Users\Admini\Desktop\Cognizant-MFPE-Project-main\Cognizant-MFPE-Project-main\Backend-Spring Boot\MFPE-authorizatiion)
2022-07-05_13-41-11 [restartedMain] INFO  c.c.a.AuthorizatiionMicroserviceApplication - No active profile set, falling back to default profiles: default
2022-07-05_13-41-11 [restartedMain] INFO  o.s.b.d.e.DevToolsPropertyDefaultsPostProcessor - Devtools property defaults active! Set 'spring.devtools.add-properties' to 'false' to disable
2022-07-05_13-41-11 [restartedMain] INFO  o.s.b.d.e.DevToolsPropertyDefaultsPostProcessor - For additional web related logging consider setting the 'logging.level.web' property to 'DEBUG'
2022-07-05_13-41-11 [restartedMain] INFO  o.s.d.r.c.RepositoryConfigurationDelegate - Bootstrapping Spring Data JPA repositories in DEFAULT mode.
2022-07-05_13-41-11 [restartedMain] INFO  o.s.d.r.c.RepositoryConfigurationDelegate - Finished Spring Data repository scanning in 117 ms. Found 1 JPA repository interfaces.
2022-07-05_13-41-11 [restartedMain] INFO  o.s.cloud.context.scope.GenericScope - BeanFactory id=17a149ef-bdf0-3183-9b89-1dc5d9e72896
2022-07-05_13-41-11 [restartedMain] INFO  o.s.b.w.e.tomcat.TomcatWebServer - Tomcat initialized with port(s): 8400 (http)
2022-07-05_13-41-11 [restartedMain] INFO  o.a.coyote.http11.Http11NioProtocol - Initializing ProtocolHandler ["http-nio-8400"]
2022-07-05_13-41-11 [restartedMain] INFO  o.a.catalina.core.StandardService - Starting service [Tomcat]
2022-07-05_13-41-11 [restartedMain] INFO  o.a.catalina.core.StandardEngine - Starting Servlet engine: [Apache Tomcat/9.0.41]
2022-07-05_13-41-11 [restartedMain] INFO  org.apache.jasper.servlet.TldScanner - At least one JAR was scanned for TLDs yet contained no TLDs. Enable debug logging for this logger for a complete list of JARs that were scanned but no TLDs were found in them. Skipping unneeded JARs during scanning can improve startup time and JSP compilation time.
2022-07-05_13-41-11 [restartedMain] INFO  o.a.c.c.C.[.[localhost].[/auth] - Initializing Spring embedded WebApplicationContext
2022-07-05_13-41-11 [restartedMain] INFO  o.s.b.w.s.c.ServletWebServerApplicationContext - Root WebApplicationContext: initialization completed in 5344 ms
2022-07-05_13-41-11 [restartedMain] INFO  com.zaxxer.hikari.HikariDataSource - HikariPool-1 - Starting...
2022-07-05_13-41-11 [restartedMain] INFO  com.zaxxer.hikari.HikariDataSource - HikariPool-1 - Starting...
2022-07-05_13-41-11 [restartedMain] INFO  o.h.jpa.internal.util.LogHelper - HHH000204: Processing PersistenceUnitInfo [name: default]
2022-07-05_13-41-11 [restartedMain] INFO  org.hibernate.Version - HHH000412: Hibernate ORM core version 5.4.27.Final
2022-07-05_13-41-11 [restartedMain] INFO  o.h.annotations.common.Version - HCANN000001: Hibernate Commons Annotations {5.1.2.Final}
2022-07-05_13-41-11 [restartedMain] INFO  com.zaxxer.hikari.HikariDataSource - HikariPool-1 - Starting...
2022-07-05_13-41-11 [restartedMain] INFO  o.a.catalina.core.StandardService - Stopping service [Tomcat]
2022-07-05_13-41-11 [restartedMain] INFO  o.s.b.a.l.ConditionEvaluationReportLoggingListener - 

Error starting ApplicationContext. To display the conditions report re-run your application with 'debug' enabled.
2022-07-05_13-46-33 [restartedMain] INFO  c.c.a.AuthorizatiionMicroserviceApplication - Starting AuthorizatiionMicroserviceApplication using Java 18.0.1.1 on Admin with PID 3096 (C:\Users\Admini\Desktop\Cognizant-MFPE-Project-main\Cognizant-MFPE-Project-main\Backend-Spring Boot\MFPE-authorizatiion\target\classes started by venu singh katta in C:\Users\Admini\Desktop\Cognizant-MFPE-Project-main\Cognizant-MFPE-Project-main\Backend-Spring Boot\MFPE-authorizatiion)
2022-07-05_13-46-33 [restartedMain] INFO  c.c.a.AuthorizatiionMicroserviceApplication - No active profile set, falling back to default profiles: default
2022-07-05_13-46-33 [restartedMain] INFO  o.s.b.d.e.DevToolsPropertyDefaultsPostProcessor - Devtools property defaults active! Set 'spring.devtools.add-properties' to 'false' to disable
2022-07-05_13-46-33 [restartedMain] INFO  o.s.b.d.e.DevToolsPropertyDefaultsPostProcessor - For additional web related logging consider setting the 'logging.level.web' property to 'DEBUG'
2022-07-05_13-46-33 [restartedMain] INFO  o.s.d.r.c.RepositoryConfigurationDelegate - Bootstrapping Spring Data JPA repositories in DEFAULT mode.
2022-07-05_13-46-33 [restartedMain] INFO  o.s.d.r.c.RepositoryConfigurationDelegate - Finished Spring Data repository scanning in 103 ms. Found 1 JPA repository interfaces.
2022-07-05_13-46-33 [restartedMain] INFO  o.s.cloud.context.scope.GenericScope - BeanFactory id=17a149ef-bdf0-3183-9b89-1dc5d9e72896
2022-07-05_13-46-33 [restartedMain] INFO  o.s.b.w.e.tomcat.TomcatWebServer - Tomcat initialized with port(s): 8400 (http)
2022-07-05_13-46-33 [restartedMain] INFO  o.a.coyote.http11.Http11NioProtocol - Initializing ProtocolHandler ["http-nio-8400"]
2022-07-05_13-46-33 [restartedMain] INFO  o.a.catalina.core.StandardService - Starting service [Tomcat]
2022-07-05_13-46-33 [restartedMain] INFO  o.a.catalina.core.StandardEngine - Starting Servlet engine: [Apache Tomcat/9.0.41]
2022-07-05_13-46-33 [restartedMain] INFO  org.apache.jasper.servlet.TldScanner - At least one JAR was scanned for TLDs yet contained no TLDs. Enable debug logging for this logger for a complete list of JARs that were scanned but no TLDs were found in them. Skipping unneeded JARs during scanning can improve startup time and JSP compilation time.
2022-07-05_13-46-33 [restartedMain] INFO  o.a.c.c.C.[.[localhost].[/auth] - Initializing Spring embedded WebApplicationContext
2022-07-05_13-46-33 [restartedMain] INFO  o.s.b.w.s.c.ServletWebServerApplicationContext - Root WebApplicationContext: initialization completed in 5292 ms
2022-07-05_13-46-33 [restartedMain] INFO  com.zaxxer.hikari.HikariDataSource - HikariPool-1 - Starting...
2022-07-05_13-46-33 [restartedMain] INFO  com.zaxxer.hikari.HikariDataSource - HikariPool-1 - Starting...
2022-07-05_13-46-33 [restartedMain] INFO  o.h.jpa.internal.util.LogHelper - HHH000204: Processing PersistenceUnitInfo [name: default]
2022-07-05_13-46-33 [restartedMain] INFO  org.hibernate.Version - HHH000412: Hibernate ORM core version 5.4.27.Final
2022-07-05_13-46-33 [restartedMain] INFO  o.h.annotations.common.Version - HCANN000001: Hibernate Commons Annotations {5.1.2.Final}
2022-07-05_13-46-33 [restartedMain] INFO  com.zaxxer.hikari.HikariDataSource - HikariPool-1 - Starting...
2022-07-05_13-46-33 [restartedMain] INFO  o.a.catalina.core.StandardService - Stopping service [Tomcat]
2022-07-05_13-46-33 [restartedMain] INFO  o.s.b.a.l.ConditionEvaluationReportLoggingListener - 

Error starting ApplicationContext. To display the conditions report re-run your application with 'debug' enabled.
2022-07-05_13-51-55 [restartedMain] INFO  c.c.a.AuthorizatiionMicroserviceApplication - Starting AuthorizatiionMicroserviceApplication using Java 18.0.1.1 on Admin with PID 1596 (C:\Users\Admini\Desktop\Cognizant-MFPE-Project-main\Cognizant-MFPE-Project-main\Backend-Spring Boot\MFPE-authorizatiion\target\classes started by venu singh katta in C:\Users\Admini\Desktop\Cognizant-MFPE-Project-main\Cognizant-MFPE-Project-main\Backend-Spring Boot\MFPE-authorizatiion)
2022-07-05_13-51-55 [restartedMain] INFO  c.c.a.AuthorizatiionMicroserviceApplication - No active profile set, falling back to default profiles: default
2022-07-05_13-51-55 [restartedMain] INFO  o.s.b.d.e.DevToolsPropertyDefaultsPostProcessor - Devtools property defaults active! Set 'spring.devtools.add-properties' to 'false' to disable
2022-07-05_13-51-55 [restartedMain] INFO  o.s.b.d.e.DevToolsPropertyDefaultsPostProcessor - For additional web related logging consider setting the 'logging.level.web' property to 'DEBUG'
2022-07-05_13-51-55 [restartedMain] INFO  o.s.d.r.c.RepositoryConfigurationDelegate - Bootstrapping Spring Data JPA repositories in DEFAULT mode.
2022-07-05_13-51-55 [restartedMain] INFO  o.s.d.r.c.RepositoryConfigurationDelegate - Finished Spring Data repository scanning in 129 ms. Found 1 JPA repository interfaces.
2022-07-05_13-51-55 [restartedMain] INFO  o.s.cloud.context.scope.GenericScope - BeanFactory id=17a149ef-bdf0-3183-9b89-1dc5d9e72896
2022-07-05_13-51-55 [restartedMain] INFO  o.s.b.w.e.tomcat.TomcatWebServer - Tomcat initialized with port(s): 8400 (http)
2022-07-05_13-51-55 [restartedMain] INFO  o.a.coyote.http11.Http11NioProtocol - Initializing ProtocolHandler ["http-nio-8400"]
2022-07-05_13-51-55 [restartedMain] INFO  o.a.catalina.core.StandardService - Starting service [Tomcat]
2022-07-05_13-51-55 [restartedMain] INFO  o.a.catalina.core.StandardEngine - Starting Servlet engine: [Apache Tomcat/9.0.41]
2022-07-05_13-51-55 [restartedMain] INFO  org.apache.jasper.servlet.TldScanner - At least one JAR was scanned for TLDs yet contained no TLDs. Enable debug logging for this logger for a complete list of JARs that were scanned but no TLDs were found in them. Skipping unneeded JARs during scanning can improve startup time and JSP compilation time.
2022-07-05_13-51-55 [restartedMain] INFO  o.a.c.c.C.[.[localhost].[/auth] - Initializing Spring embedded WebApplicationContext
2022-07-05_13-51-55 [restartedMain] INFO  o.s.b.w.s.c.ServletWebServerApplicationContext - Root WebApplicationContext: initialization completed in 6592 ms
2022-07-05_13-51-55 [restartedMain] INFO  com.zaxxer.hikari.HikariDataSource - HikariPool-1 - Starting...
2022-07-05_13-51-55 [restartedMain] INFO  o.h.jpa.internal.util.LogHelper - HHH000204: Processing PersistenceUnitInfo [name: default]
2022-07-05_13-51-55 [restartedMain] INFO  org.hibernate.Version - HHH000412: Hibernate ORM core version 5.4.27.Final
2022-07-05_13-51-55 [restartedMain] INFO  o.h.annotations.common.Version - HCANN000001: Hibernate Commons Annotations {5.1.2.Final}
2022-07-05_13-51-55 [restartedMain] INFO  com.zaxxer.hikari.HikariDataSource - HikariPool-1 - Starting...
2022-07-05_13-51-55 [restartedMain] INFO  o.a.catalina.core.StandardService - Stopping service [Tomcat]
2022-07-05_13-51-55 [restartedMain] INFO  o.s.b.a.l.ConditionEvaluationReportLoggingListener - 

Error starting ApplicationContext. To display the conditions report re-run your application with 'debug' enabled.
2022-07-05_13-58-50 [restartedMain] INFO  c.c.a.AuthorizatiionMicroserviceApplication - Starting AuthorizatiionMicroserviceApplication using Java 18.0.1.1 on Admin with PID 3672 (C:\Users\Admini\Desktop\Cognizant-MFPE-Project-main\Cognizant-MFPE-Project-main\Backend-Spring Boot\MFPE-authorizatiion\target\classes started by venu singh katta in C:\Users\Admini\Desktop\Cognizant-MFPE-Project-main\Cognizant-MFPE-Project-main\Backend-Spring Boot\MFPE-authorizatiion)
2022-07-05_13-58-50 [restartedMain] INFO  c.c.a.AuthorizatiionMicroserviceApplication - No active profile set, falling back to default profiles: default
2022-07-05_13-58-50 [restartedMain] INFO  o.s.b.d.e.DevToolsPropertyDefaultsPostProcessor - Devtools property defaults active! Set 'spring.devtools.add-properties' to 'false' to disable
2022-07-05_13-58-50 [restartedMain] INFO  o.s.b.d.e.DevToolsPropertyDefaultsPostProcessor - For additional web related logging consider setting the 'logging.level.web' property to 'DEBUG'
2022-07-05_13-58-50 [restartedMain] INFO  o.s.d.r.c.RepositoryConfigurationDelegate - Bootstrapping Spring Data JPA repositories in DEFAULT mode.
2022-07-05_13-58-50 [restartedMain] INFO  o.s.d.r.c.RepositoryConfigurationDelegate - Finished Spring Data repository scanning in 123 ms. Found 1 JPA repository interfaces.
2022-07-05_13-58-50 [restartedMain] INFO  o.s.cloud.context.scope.GenericScope - BeanFactory id=17a149ef-bdf0-3183-9b89-1dc5d9e72896
2022-07-05_13-58-50 [restartedMain] INFO  o.s.b.w.e.tomcat.TomcatWebServer - Tomcat initialized with port(s): 8400 (http)
2022-07-05_13-58-50 [restartedMain] INFO  o.a.coyote.http11.Http11NioProtocol - Initializing ProtocolHandler ["http-nio-8400"]
2022-07-05_13-58-50 [restartedMain] INFO  o.a.catalina.core.StandardService - Starting service [Tomcat]
2022-07-05_13-58-50 [restartedMain] INFO  o.a.catalina.core.StandardEngine - Starting Servlet engine: [Apache Tomcat/9.0.41]
2022-07-05_13-58-50 [restartedMain] INFO  org.apache.jasper.servlet.TldScanner - At least one JAR was scanned for TLDs yet contained no TLDs. Enable debug logging for this logger for a complete list of JARs that were scanned but no TLDs were found in them. Skipping unneeded JARs during scanning can improve startup time and JSP compilation time.
2022-07-05_13-58-50 [restartedMain] INFO  o.a.c.c.C.[.[localhost].[/auth] - Initializing Spring embedded WebApplicationContext
2022-07-05_13-58-50 [restartedMain] INFO  o.s.b.w.s.c.ServletWebServerApplicationContext - Root WebApplicationContext: initialization completed in 4661 ms
2022-07-05_13-58-50 [restartedMain] INFO  com.zaxxer.hikari.HikariDataSource - HikariPool-1 - Starting...
2022-07-05_13-58-50 [restartedMain] INFO  com.zaxxer.hikari.HikariDataSource - HikariPool-1 - Start completed.
2022-07-05_13-58-50 [restartedMain] INFO  o.s.b.a.h.H2ConsoleAutoConfiguration - H2 console available at '/db'. Database available at 'jdbc:mysql://localhost:3306/cognizant'
2022-07-05_13-58-50 [restartedMain] INFO  o.h.jpa.internal.util.LogHelper - HHH000204: Processing PersistenceUnitInfo [name: default]
2022-07-05_13-58-50 [restartedMain] INFO  org.hibernate.Version - HHH000412: Hibernate ORM core version 5.4.27.Final
2022-07-05_13-58-50 [restartedMain] INFO  o.h.annotations.common.Version - HCANN000001: Hibernate Commons Annotations {5.1.2.Final}
2022-07-05_13-58-50 [restartedMain] INFO  org.hibernate.dialect.Dialect - HHH000400: Using dialect: org.hibernate.dialect.MySQL8Dialect
2022-07-05_13-58-50 [restartedMain] INFO  o.h.e.t.j.p.i.JtaPlatformInitiator - HHH000490: Using JtaPlatform implementation: [org.hibernate.engine.transaction.jta.platform.internal.NoJtaPlatform]
2022-07-05_13-58-50 [restartedMain] INFO  o.s.o.j.LocalContainerEntityManagerFactoryBean - Initialized JPA EntityManagerFactory for persistence unit 'default'
2022-07-05_13-58-50 [restartedMain] INFO  o.a.catalina.core.StandardService - Stopping service [Tomcat]
2022-07-05_13-58-50 [restartedMain] INFO  o.s.o.j.LocalContainerEntityManagerFactoryBean - Closing JPA EntityManagerFactory for persistence unit 'default'
2022-07-05_13-58-50 [restartedMain] INFO  o.h.t.s.i.SchemaDropperImpl$DelayedDropActionImpl - HHH000477: Starting delayed evictData of schema as part of SessionFactory shut-down'
2022-07-05_13-58-50 [restartedMain] INFO  com.zaxxer.hikari.HikariDataSource - HikariPool-1 - Shutdown initiated...
2022-07-05_13-58-50 [restartedMain] INFO  com.zaxxer.hikari.HikariDataSource - HikariPool-1 - Shutdown completed.
2022-07-05_13-58-50 [restartedMain] INFO  o.s.b.a.l.ConditionEvaluationReportLoggingListener - 

Error starting ApplicationContext. To display the conditions report re-run your application with 'debug' enabled.
2022-07-05_14-00-21 [restartedMain] INFO  c.c.a.AuthorizatiionMicroserviceApplication - Starting AuthorizatiionMicroserviceApplication using Java 18.0.1.1 on Admin with PID 4728 (C:\Users\Admini\Desktop\Cognizant-MFPE-Project-main\Cognizant-MFPE-Project-main\Backend-Spring Boot\MFPE-authorizatiion\target\classes started by venu singh katta in C:\Users\Admini\Desktop\Cognizant-MFPE-Project-main\Cognizant-MFPE-Project-main\Backend-Spring Boot\MFPE-authorizatiion)
2022-07-05_14-00-21 [restartedMain] INFO  c.c.a.AuthorizatiionMicroserviceApplication - No active profile set, falling back to default profiles: default
2022-07-05_14-00-21 [restartedMain] INFO  o.s.b.d.e.DevToolsPropertyDefaultsPostProcessor - Devtools property defaults active! Set 'spring.devtools.add-properties' to 'false' to disable
2022-07-05_14-00-21 [restartedMain] INFO  o.s.b.d.e.DevToolsPropertyDefaultsPostProcessor - For additional web related logging consider setting the 'logging.level.web' property to 'DEBUG'
2022-07-05_14-00-21 [restartedMain] INFO  o.s.d.r.c.RepositoryConfigurationDelegate - Bootstrapping Spring Data JPA repositories in DEFAULT mode.
2022-07-05_14-00-21 [restartedMain] INFO  o.s.d.r.c.RepositoryConfigurationDelegate - Finished Spring Data repository scanning in 120 ms. Found 1 JPA repository interfaces.
2022-07-05_14-00-21 [restartedMain] INFO  o.s.cloud.context.scope.GenericScope - BeanFactory id=17a149ef-bdf0-3183-9b89-1dc5d9e72896
2022-07-05_14-00-21 [restartedMain] INFO  o.s.b.w.e.tomcat.TomcatWebServer - Tomcat initialized with port(s): 8400 (http)
2022-07-05_14-00-21 [restartedMain] INFO  o.a.coyote.http11.Http11NioProtocol - Initializing ProtocolHandler ["http-nio-8400"]
2022-07-05_14-00-21 [restartedMain] INFO  o.a.catalina.core.StandardService - Starting service [Tomcat]
2022-07-05_14-00-21 [restartedMain] INFO  o.a.catalina.core.StandardEngine - Starting Servlet engine: [Apache Tomcat/9.0.41]
2022-07-05_14-00-21 [restartedMain] INFO  org.apache.jasper.servlet.TldScanner - At least one JAR was scanned for TLDs yet contained no TLDs. Enable debug logging for this logger for a complete list of JARs that were scanned but no TLDs were found in them. Skipping unneeded JARs during scanning can improve startup time and JSP compilation time.
2022-07-05_14-00-21 [restartedMain] INFO  o.a.c.c.C.[.[localhost].[/auth] - Initializing Spring embedded WebApplicationContext
2022-07-05_14-00-21 [restartedMain] INFO  o.s.b.w.s.c.ServletWebServerApplicationContext - Root WebApplicationContext: initialization completed in 5531 ms
2022-07-05_14-00-21 [restartedMain] INFO  com.zaxxer.hikari.HikariDataSource - HikariPool-1 - Starting...
2022-07-05_14-00-21 [restartedMain] INFO  com.zaxxer.hikari.HikariDataSource - HikariPool-1 - Start completed.
2022-07-05_14-00-21 [restartedMain] INFO  o.s.b.a.h.H2ConsoleAutoConfiguration - H2 console available at '/db'. Database available at 'jdbc:mysql://localhost:3306/cognizant'
2022-07-05_14-00-21 [restartedMain] INFO  o.h.jpa.internal.util.LogHelper - HHH000204: Processing PersistenceUnitInfo [name: default]
2022-07-05_14-00-21 [restartedMain] INFO  org.hibernate.Version - HHH000412: Hibernate ORM core version 5.4.27.Final
2022-07-05_14-00-21 [restartedMain] INFO  o.h.annotations.common.Version - HCANN000001: Hibernate Commons Annotations {5.1.2.Final}
2022-07-05_14-00-21 [restartedMain] INFO  org.hibernate.dialect.Dialect - HHH000400: Using dialect: org.hibernate.dialect.MySQL8Dialect
2022-07-05_14-00-21 [restartedMain] INFO  o.h.e.t.j.p.i.JtaPlatformInitiator - HHH000490: Using JtaPlatform implementation: [org.hibernate.engine.transaction.jta.platform.internal.NoJtaPlatform]
2022-07-05_14-00-21 [restartedMain] INFO  o.s.o.j.LocalContainerEntityManagerFactoryBean - Initialized JPA EntityManagerFactory for persistence unit 'default'
2022-07-05_14-00-21 [restartedMain] INFO  o.s.b.d.a.OptionalLiveReloadServer - LiveReload server is running on port 35729
2022-07-05_14-00-21 [restartedMain] INFO  s.d.s.w.PropertySourcedRequestMappingHandlerMapping - Mapped URL path [/v2/api-docs] onto method [springfox.documentation.swagger2.web.Swagger2Controller#getDocumentation(String, HttpServletRequest)]
2022-07-05_14-00-21 [restartedMain] INFO  o.s.s.web.DefaultSecurityFilterChain - Will secure any request with [org.springframework.security.web.context.request.async.WebAsyncManagerIntegrationFilter@5455510, org.springframework.security.web.context.SecurityContextPersistenceFilter@17326080, org.springframework.security.web.header.HeaderWriterFilter@785e287, org.springframework.security.web.authentication.logout.LogoutFilter@18b0ca1a, com.cts.authorization.config.JwtRequestFilter@6a0ae302, org.springframework.security.web.savedrequest.RequestCacheAwareFilter@124fcbb0, org.springframework.security.web.servletapi.SecurityContextHolderAwareRequestFilter@e620d73, org.springframework.security.web.authentication.AnonymousAuthenticationFilter@1693f87f, org.springframework.security.web.session.SessionManagementFilter@40f5468b, org.springframework.security.web.access.ExceptionTranslationFilter@735a5101, org.springframework.security.web.access.intercept.FilterSecurityInterceptor@1429ef86]
2022-07-05_14-00-21 [restartedMain] INFO  o.s.s.c.ThreadPoolTaskExecutor - Initializing ExecutorService 'applicationTaskExecutor'
2022-07-05_14-00-21 [restartedMain] INFO  o.a.coyote.http11.Http11NioProtocol - Starting ProtocolHandler ["http-nio-8400"]
2022-07-05_14-00-21 [restartedMain] INFO  o.s.b.w.e.tomcat.TomcatWebServer - Tomcat started on port(s): 8400 (http) with context path '/auth'
2022-07-05_14-00-21 [restartedMain] INFO  s.d.s.w.p.DocumentationPluginsBootstrapper - Context refreshed
2022-07-05_14-00-21 [restartedMain] INFO  s.d.s.w.p.DocumentationPluginsBootstrapper - Found 1 custom documentation plugin(s)
2022-07-05_14-00-21 [restartedMain] INFO  s.d.s.w.s.ApiListingReferenceScanner - Scanning for api listing references
2022-07-05_14-00-21 [restartedMain] INFO  c.c.a.AuthorizatiionMicroserviceApplication - Started AuthorizatiionMicroserviceApplication in 20.61 seconds (JVM running for 23.901)
2022-07-05_14-00-21 [http-nio-8400-exec-1] INFO  o.a.c.c.C.[.[localhost].[/auth] - Initializing Spring DispatcherServlet 'dispatcherServlet'
2022-07-05_14-00-21 [http-nio-8400-exec-1] INFO  o.s.web.servlet.DispatcherServlet - Initializing Servlet 'dispatcherServlet'
2022-07-05_14-00-21 [http-nio-8400-exec-1] INFO  o.s.web.servlet.DispatcherServlet - Completed initialization in 5 ms
2022-07-05_16-18-55 [restartedMain] INFO  c.c.a.AuthorizatiionMicroserviceApplication - Starting AuthorizatiionMicroserviceApplication using Java 18.0.1.1 on Admin with PID 2724 (C:\Users\Admini\Desktop\Cognizant-MFPE-Project-main\Cognizant-MFPE-Project-main\Backend-Spring Boot\MFPE-authorizatiion\target\classes started by venu singh katta in C:\Users\Admini\Desktop\Cognizant-MFPE-Project-main\Cognizant-MFPE-Project-main\Backend-Spring Boot\MFPE-authorizatiion)
2022-07-05_16-18-55 [restartedMain] INFO  c.c.a.AuthorizatiionMicroserviceApplication - No active profile set, falling back to default profiles: default
2022-07-05_16-18-55 [restartedMain] INFO  o.s.b.d.e.DevToolsPropertyDefaultsPostProcessor - Devtools property defaults active! Set 'spring.devtools.add-properties' to 'false' to disable
2022-07-05_16-18-55 [restartedMain] INFO  o.s.b.d.e.DevToolsPropertyDefaultsPostProcessor - For additional web related logging consider setting the 'logging.level.web' property to 'DEBUG'
2022-07-05_16-18-55 [restartedMain] INFO  o.s.d.r.c.RepositoryConfigurationDelegate - Bootstrapping Spring Data JPA repositories in DEFAULT mode.
2022-07-05_16-18-55 [restartedMain] INFO  o.s.d.r.c.RepositoryConfigurationDelegate - Finished Spring Data repository scanning in 291 ms. Found 1 JPA repository interfaces.
2022-07-05_16-18-55 [restartedMain] INFO  o.s.cloud.context.scope.GenericScope - BeanFactory id=17a149ef-bdf0-3183-9b89-1dc5d9e72896
2022-07-05_16-18-55 [restartedMain] INFO  o.s.b.w.e.tomcat.TomcatWebServer - Tomcat initialized with port(s): 8400 (http)
2022-07-05_16-18-55 [restartedMain] INFO  o.a.coyote.http11.Http11NioProtocol - Initializing ProtocolHandler ["http-nio-8400"]
2022-07-05_16-18-55 [restartedMain] INFO  o.a.catalina.core.StandardService - Starting service [Tomcat]
2022-07-05_16-18-55 [restartedMain] INFO  o.a.catalina.core.StandardEngine - Starting Servlet engine: [Apache Tomcat/9.0.41]
2022-07-05_16-18-55 [restartedMain] INFO  org.apache.jasper.servlet.TldScanner - At least one JAR was scanned for TLDs yet contained no TLDs. Enable debug logging for this logger for a complete list of JARs that were scanned but no TLDs were found in them. Skipping unneeded JARs during scanning can improve startup time and JSP compilation time.
2022-07-05_16-18-55 [restartedMain] INFO  o.a.c.c.C.[.[localhost].[/auth] - Initializing Spring embedded WebApplicationContext
2022-07-05_16-18-55 [restartedMain] INFO  o.s.b.w.s.c.ServletWebServerApplicationContext - Root WebApplicationContext: initialization completed in 15314 ms
2022-07-05_16-18-55 [restartedMain] INFO  com.zaxxer.hikari.HikariDataSource - HikariPool-1 - Starting...
2022-07-05_16-18-55 [restartedMain] INFO  com.zaxxer.hikari.HikariDataSource - HikariPool-1 - Start completed.
2022-07-05_16-18-55 [restartedMain] INFO  o.s.b.a.h.H2ConsoleAutoConfiguration - H2 console available at '/db'. Database available at 'jdbc:mysql://localhost:3306/cognizant'
2022-07-05_16-18-55 [restartedMain] INFO  o.h.jpa.internal.util.LogHelper - HHH000204: Processing PersistenceUnitInfo [name: default]
2022-07-05_16-18-55 [restartedMain] INFO  org.hibernate.Version - HHH000412: Hibernate ORM core version 5.4.27.Final
2022-07-05_16-18-55 [restartedMain] INFO  o.h.annotations.common.Version - HCANN000001: Hibernate Commons Annotations {5.1.2.Final}
2022-07-05_16-18-55 [restartedMain] INFO  org.hibernate.dialect.Dialect - HHH000400: Using dialect: org.hibernate.dialect.MySQL8Dialect
2022-07-05_16-18-55 [restartedMain] INFO  o.h.e.t.j.p.i.JtaPlatformInitiator - HHH000490: Using JtaPlatform implementation: [org.hibernate.engine.transaction.jta.platform.internal.NoJtaPlatform]
2022-07-05_16-18-55 [restartedMain] INFO  o.s.o.j.LocalContainerEntityManagerFactoryBean - Initialized JPA EntityManagerFactory for persistence unit 'default'
2022-07-05_16-18-55 [restartedMain] INFO  s.d.s.w.PropertySourcedRequestMappingHandlerMapping - Mapped URL path [/v2/api-docs] onto method [springfox.documentation.swagger2.web.Swagger2Controller#getDocumentation(String, HttpServletRequest)]
2022-07-05_16-18-55 [restartedMain] INFO  o.s.s.web.DefaultSecurityFilterChain - Will secure any request with [org.springframework.security.web.context.request.async.WebAsyncManagerIntegrationFilter@2a109971, org.springframework.security.web.context.SecurityContextPersistenceFilter@2ef1f13c, org.springframework.security.web.header.HeaderWriterFilter@26a7fb6d, org.springframework.security.web.authentication.logout.LogoutFilter@7a22767a, com.cts.authorization.config.JwtRequestFilter@2fd2cbb8, org.springframework.security.web.savedrequest.RequestCacheAwareFilter@76daadd1, org.springframework.security.web.servletapi.SecurityContextHolderAwareRequestFilter@728ead2a, org.springframework.security.web.authentication.AnonymousAuthenticationFilter@11811fd1, org.springframework.security.web.session.SessionManagementFilter@3680b960, org.springframework.security.web.access.ExceptionTranslationFilter@497ecdcb, org.springframework.security.web.access.intercept.FilterSecurityInterceptor@27e4be12]
2022-07-05_16-18-55 [restartedMain] INFO  o.s.s.c.ThreadPoolTaskExecutor - Initializing ExecutorService 'applicationTaskExecutor'
2022-07-05_16-18-55 [restartedMain] INFO  o.a.coyote.http11.Http11NioProtocol - Starting ProtocolHandler ["http-nio-8400"]
2022-07-05_16-18-55 [restartedMain] INFO  o.s.b.w.e.tomcat.TomcatWebServer - Tomcat started on port(s): 8400 (http) with context path '/auth'
2022-07-05_16-18-55 [restartedMain] INFO  s.d.s.w.p.DocumentationPluginsBootstrapper - Context refreshed
2022-07-05_16-18-55 [restartedMain] INFO  s.d.s.w.p.DocumentationPluginsBootstrapper - Found 1 custom documentation plugin(s)
2022-07-05_16-18-55 [restartedMain] INFO  s.d.s.w.s.ApiListingReferenceScanner - Scanning for api listing references
2022-07-05_16-18-55 [restartedMain] INFO  c.c.a.AuthorizatiionMicroserviceApplication - Started AuthorizatiionMicroserviceApplication in 45.739 seconds (JVM running for 55.315)
